c:\git\it_266\quake2modding\farm mod\quake2-3.21\ref_gl\release\vc120.pdb
c:\git\it_266\quake2modding\farm mod\quake2-3.21\ref_gl\release\qgl_win.obj
c:\git\it_266\quake2modding\farm mod\quake2-3.21\ref_gl\release\q_shwin.obj
c:\git\it_266\quake2modding\farm mod\quake2-3.21\ref_gl\release\q_shared.obj
c:\git\it_266\quake2modding\farm mod\quake2-3.21\ref_gl\release\glw_imp.obj
c:\git\it_266\quake2modding\farm mod\quake2-3.21\ref_gl\release\gl_warp.obj
c:\git\it_266\quake2modding\farm mod\quake2-3.21\ref_gl\release\gl_rsurf.obj
c:\git\it_266\quake2modding\farm mod\quake2-3.21\ref_gl\release\gl_rmisc.obj
c:\git\it_266\quake2modding\farm mod\quake2-3.21\ref_gl\release\gl_rmain.obj
c:\git\it_266\quake2modding\farm mod\quake2-3.21\ref_gl\release\gl_model.obj
c:\git\it_266\quake2modding\farm mod\quake2-3.21\ref_gl\release\gl_mesh.obj
c:\git\it_266\quake2modding\farm mod\quake2-3.21\ref_gl\release\gl_light.obj
c:\git\it_266\quake2modding\farm mod\quake2-3.21\ref_gl\release\gl_image.obj
c:\git\it_266\quake2modding\farm mod\quake2-3.21\ref_gl\release\gl_draw.obj
c:\git\it_266\quake2modding\farm mod\quake2-3.21\release\ref_gl.dll
c:\git\it_266\quake2modding\farm mod\quake2-3.21\ref_gl\.\..\release\ref_gl.dll
c:\git\it_266\quake2modding\farm mod\quake2-3.21\ref_gl\release\ref_gl.tlog\cl.command.1.tlog
c:\git\it_266\quake2modding\farm mod\quake2-3.21\ref_gl\release\ref_gl.tlog\cl.read.1.tlog
c:\git\it_266\quake2modding\farm mod\quake2-3.21\ref_gl\release\ref_gl.tlog\cl.write.1.tlog
c:\git\it_266\quake2modding\farm mod\quake2-3.21\ref_gl\release\ref_gl.tlog\link.command.1.tlog
c:\git\it_266\quake2modding\farm mod\quake2-3.21\ref_gl\release\ref_gl.tlog\link.read.1.tlog
c:\git\it_266\quake2modding\farm mod\quake2-3.21\ref_gl\release\ref_gl.tlog\link.write.1.tlog
c:\git\it_266\quake2modding\farm mod\quake2-3.21\ref_gl\release\ref_gl.tlog\ref_gl.write.1u.tlog
