c:\git\it_266\quake2modding\farm mod\quake2-3.21\release\cvar.obj
c:\git\it_266\quake2modding\farm mod\quake2-3.21\release\crc.obj
c:\git\it_266\quake2modding\farm mod\quake2-3.21\release\console.obj
c:\git\it_266\quake2modding\farm mod\quake2-3.21\release\conproc.obj
c:\git\it_266\quake2modding\farm mod\quake2-3.21\release\common.obj
c:\git\it_266\quake2modding\farm mod\quake2-3.21\release\cmodel.obj
c:\git\it_266\quake2modding\farm mod\quake2-3.21\release\cmd.obj
c:\git\it_266\quake2modding\farm mod\quake2-3.21\release\cl_view.obj
c:\git\it_266\quake2modding\farm mod\quake2-3.21\release\cl_tent.obj
c:\git\it_266\quake2modding\farm mod\quake2-3.21\release\cl_scrn.obj
c:\git\it_266\quake2modding\farm mod\quake2-3.21\release\cl_pred.obj
c:\git\it_266\quake2modding\farm mod\quake2-3.21\release\cl_parse.obj
c:\git\it_266\quake2modding\farm mod\quake2-3.21\release\cl_newfx.obj
c:\git\it_266\quake2modding\farm mod\quake2-3.21\release\cl_main.obj
c:\git\it_266\quake2modding\farm mod\quake2-3.21\release\cl_inv.obj
c:\git\it_266\quake2modding\farm mod\quake2-3.21\release\cl_input.obj
c:\git\it_266\quake2modding\farm mod\quake2-3.21\release\cl_fx.obj
c:\git\it_266\quake2modding\farm mod\quake2-3.21\release\cl_ents.obj
c:\git\it_266\quake2modding\farm mod\quake2-3.21\release\cl_cin.obj
c:\git\it_266\quake2modding\farm mod\quake2-3.21\release\cd_win.obj
c:\git\it_266\quake2modding\farm mod\quake2-3.21\release\sv_init.obj
c:\git\it_266\quake2modding\farm mod\quake2-3.21\release\sv_game.obj
c:\git\it_266\quake2modding\farm mod\quake2-3.21\release\sv_ents.obj
c:\git\it_266\quake2modding\farm mod\quake2-3.21\release\sv_ccmds.obj
c:\git\it_266\quake2modding\farm mod\quake2-3.21\release\snd_win.obj
c:\git\it_266\quake2modding\farm mod\quake2-3.21\release\snd_mix.obj
c:\git\it_266\quake2modding\farm mod\quake2-3.21\release\snd_mem.obj
c:\git\it_266\quake2modding\farm mod\quake2-3.21\release\snd_dma.obj
c:\git\it_266\quake2modding\farm mod\quake2-3.21\release\qmenu.obj
c:\git\it_266\quake2modding\farm mod\quake2-3.21\release\q_shwin.obj
c:\git\it_266\quake2modding\farm mod\quake2-3.21\release\q_shared.obj
c:\git\it_266\quake2modding\farm mod\quake2-3.21\release\pmove.obj
c:\git\it_266\quake2modding\farm mod\quake2-3.21\release\net_wins.obj
c:\git\it_266\quake2modding\farm mod\quake2-3.21\release\net_chan.obj
c:\git\it_266\quake2modding\farm mod\quake2-3.21\release\menu.obj
c:\git\it_266\quake2modding\farm mod\quake2-3.21\release\md4.obj
c:\git\it_266\quake2modding\farm mod\quake2-3.21\release\m_flash.obj
c:\git\it_266\quake2modding\farm mod\quake2-3.21\release\keys.obj
c:\git\it_266\quake2modding\farm mod\quake2-3.21\release\in_win.obj
c:\git\it_266\quake2modding\farm mod\quake2-3.21\release\files.obj
c:\git\it_266\quake2modding\farm mod\quake2-3.21\release\x86.obj
c:\git\it_266\quake2modding\farm mod\quake2-3.21\release\vid_menu.obj
c:\git\it_266\quake2modding\farm mod\quake2-3.21\release\vid_dll.obj
c:\git\it_266\quake2modding\farm mod\quake2-3.21\release\sys_win.obj
c:\git\it_266\quake2modding\farm mod\quake2-3.21\release\sv_world.obj
c:\git\it_266\quake2modding\farm mod\quake2-3.21\release\sv_user.obj
c:\git\it_266\quake2modding\farm mod\quake2-3.21\release\sv_send.obj
c:\git\it_266\quake2modding\farm mod\quake2-3.21\release\sv_main.obj
c:\git\it_266\quake2modding\farm mod\quake2-3.21\release\quake2.exe
c:\git\it_266\quake2modding\farm mod\quake2-3.21\release\q2.res
c:\git\it_266\quake2modding\farm mod\quake2-3.21\release\gamex86.exp
c:\git\it_266\quake2modding\farm mod\quake2-3.21\release\ref_gl.exp
c:\git\it_266\quake2modding\farm mod\quake2-3.21\.\release\quake2.exe
c:\git\it_266\quake2modding\farm mod\quake2-3.21\release\quake2.tlog\cl.command.1.tlog
c:\git\it_266\quake2modding\farm mod\quake2-3.21\release\quake2.tlog\cl.read.1.tlog
c:\git\it_266\quake2modding\farm mod\quake2-3.21\release\quake2.tlog\cl.write.1.tlog
c:\git\it_266\quake2modding\farm mod\quake2-3.21\release\quake2.tlog\link.command.1.tlog
c:\git\it_266\quake2modding\farm mod\quake2-3.21\release\quake2.tlog\link.read.1.tlog
c:\git\it_266\quake2modding\farm mod\quake2-3.21\release\quake2.tlog\link.write.1.tlog
c:\git\it_266\quake2modding\farm mod\quake2-3.21\release\quake2.tlog\rc.command.1.tlog
c:\git\it_266\quake2modding\farm mod\quake2-3.21\release\quake2.tlog\rc.read.1.tlog
c:\git\it_266\quake2modding\farm mod\quake2-3.21\release\quake2.tlog\rc.write.1.tlog
